<?xml version="1.0" encoding="UTF-8"?>
<!-- Generated by org.testng.reporters.JUnitReportReporter -->
<testsuite skipped="0" hostname="Dev-PC" name="org.opensourceqa.runner.TestRunner" tests="1" failures="0" timestamp="23 Jul 2018 16:15:58 GMT" time="0.376" errors="0">
  <testcase name="feature" time="0.376" classname="org.opensourceqa.runner.TestRunner"/>
</testsuite> <!-- org.opensourceqa.runner.TestRunner -->
